       3      185 ./traj_segs/000014/000003
       4      185 ./traj_segs/000014/000001
       1      185 ./traj_segs/000014/000000
       2      185 ./traj_segs/000014/000004
       7      185 ./traj_segs/000026/000004
       6      185 ./traj_segs/000026/000000
       5      185 ./traj_segs/000014/000002
       9      185 ./traj_segs/000026/000001
       8      185 ./traj_segs/000026/000003
      10      185 ./traj_segs/000026/000002
      12      185 ./traj_segs/000007/000002
      11      185 ./traj_segs/000007/000008
      13      185 ./traj_segs/000007/000005
      14      185 ./traj_segs/000007/000001
      17      185 ./traj_segs/000007/000003
      16      185 ./traj_segs/000007/000004
      15      185 ./traj_segs/000007/000006
      18      185 ./traj_segs/000007/000009
      19      185 ./traj_segs/000007/000007
      21      185 ./traj_segs/000021/000001
      20      185 ./traj_segs/000007/000000
      22      185 ./traj_segs/000021/000002
      23      185 ./traj_segs/000021/000000
      24      185 ./traj_segs/000021/000003
      25      185 ./traj_segs/000021/000004
      27      185 ./traj_segs/000013/000002
      26      185 ./traj_segs/000013/000001
      28      185 ./traj_segs/000013/000000
      30      185 ./traj_segs/000013/000003
      29      185 ./traj_segs/000013/000004
      31      185 ./traj_segs/000019/000001
      33      185 ./traj_segs/000019/000000
      32      185 ./traj_segs/000019/000002
      34      185 ./traj_segs/000019/000003
      35      185 ./traj_segs/000019/000004
      36      185 ./traj_segs/000017/000000
      37      185 ./traj_segs/000017/000003
      38      185 ./traj_segs/000017/000004
      39      185 ./traj_segs/000017/000001
      42      185 ./traj_segs/000025/000001
      40      185 ./traj_segs/000017/000002
      41      185 ./traj_segs/000025/000002
      43      185 ./traj_segs/000025/000004
      44      185 ./traj_segs/000025/000003
      45      185 ./traj_segs/000025/000000
      46      185 ./traj_segs/000004/000008
      47      185 ./traj_segs/000004/000002
      48      185 ./traj_segs/000004/000005
      51      185 ./traj_segs/000004/000004
      50      185 ./traj_segs/000004/000006
      49      185 ./traj_segs/000004/000001
      53      185 ./traj_segs/000004/000009
      52      185 ./traj_segs/000004/000003
      54      185 ./traj_segs/000004/000007
      55      185 ./traj_segs/000004/000000
      57      185 ./traj_segs/000003/000003
      58      185 ./traj_segs/000003/000000
      59      185 ./traj_segs/000003/000002
      56      185 ./traj_segs/000003/000004
      60      185 ./traj_segs/000003/000001
      64      185 ./traj_segs/000009/000004
      62      185 ./traj_segs/000009/000002
      66      185 ./traj_segs/000028/000000
      63      185 ./traj_segs/000009/000000
      65      185 ./traj_segs/000009/000003
      61      185 ./traj_segs/000009/000001
      69      185 ./traj_segs/000028/000001
      70      185 ./traj_segs/000028/000002
      67      185 ./traj_segs/000028/000004
      68      185 ./traj_segs/000028/000003
      71      185 ./traj_segs/000022/000001
      72      185 ./traj_segs/000022/000002
      73      185 ./traj_segs/000022/000000
      75      185 ./traj_segs/000022/000004
      74      185 ./traj_segs/000022/000003
      76      185 ./traj_segs/000010/000004
      78      185 ./traj_segs/000010/000000
      79      185 ./traj_segs/000010/000002
      77      185 ./traj_segs/000010/000003
      80      185 ./traj_segs/000010/000001
      82      185 ./traj_segs/000020/000001
      81      185 ./traj_segs/000020/000002
      83      185 ./traj_segs/000020/000003
      85      185 ./traj_segs/000020/000000
      86      185 ./traj_segs/000018/000001
      88      185 ./traj_segs/000018/000000
      84      185 ./traj_segs/000020/000004
      87      185 ./traj_segs/000018/000002
      90      185 ./traj_segs/000018/000003
      89      185 ./traj_segs/000018/000004
      91      185 ./traj_segs/000012/000003
      92      185 ./traj_segs/000012/000009
      93      185 ./traj_segs/000012/000004
      94      185 ./traj_segs/000012/000000
      95      185 ./traj_segs/000012/000007
      97      185 ./traj_segs/000012/000008
      96      185 ./traj_segs/000012/000005
      98      185 ./traj_segs/000012/000002
      99      185 ./traj_segs/000012/000006
     101      185 ./traj_segs/000001/000002
     103      185 ./traj_segs/000001/000003
     100      185 ./traj_segs/000012/000001
     102      185 ./traj_segs/000001/000001
     105      185 ./traj_segs/000001/000000
     107      185 ./traj_segs/000006/000008
     104      185 ./traj_segs/000001/000004
     109      185 ./traj_segs/000006/000001
     108      185 ./traj_segs/000006/000005
     110      185 ./traj_segs/000006/000006
     106      185 ./traj_segs/000006/000002
     111      185 ./traj_segs/000006/000004
     113      185 ./traj_segs/000006/000003
     115      185 ./traj_segs/000006/000000
     114      185 ./traj_segs/000006/000007
     112      185 ./traj_segs/000006/000009
     118      185 ./traj_segs/000015/000000
     116      185 ./traj_segs/000015/000003
     119      185 ./traj_segs/000015/000002
     117      185 ./traj_segs/000015/000004
     120      185 ./traj_segs/000015/000001
     122      185 ./traj_segs/000027/000002
     121      185 ./traj_segs/000027/000001
     123      185 ./traj_segs/000027/000000
     127      185 ./traj_segs/000023/000004
     125      185 ./traj_segs/000027/000004
     124      185 ./traj_segs/000027/000003
     126      185 ./traj_segs/000023/000000
     128      185 ./traj_segs/000023/000003
     131      185 ./traj_segs/000029/000004
     129      185 ./traj_segs/000023/000001
     130      185 ./traj_segs/000023/000002
     132      185 ./traj_segs/000029/000003
     133      185 ./traj_segs/000029/000000
     134      185 ./traj_segs/000029/000002
     135      185 ./traj_segs/000029/000001
     136      185 ./traj_segs/000011/000000
     138      185 ./traj_segs/000011/000003
     139      185 ./traj_segs/000011/000009
     137      185 ./traj_segs/000011/000007
     140      185 ./traj_segs/000011/000004
     141      185 ./traj_segs/000011/000006
     142      185 ./traj_segs/000011/000001
     143      185 ./traj_segs/000011/000005
     145      185 ./traj_segs/000011/000002
     144      185 ./traj_segs/000011/000008
     146      185 ./traj_segs/000030/000000
     147      185 ./traj_segs/000030/000003
     149      185 ./traj_segs/000030/000001
     148      185 ./traj_segs/000030/000004
     150      185 ./traj_segs/000030/000002
     151      185 ./traj_segs/000008/000000
     153      185 ./traj_segs/000008/000009
     154      185 ./traj_segs/000008/000003
     152      185 ./traj_segs/000008/000007
     155      185 ./traj_segs/000008/000004
     156      185 ./traj_segs/000008/000006
     157      185 ./traj_segs/000008/000001
     158      185 ./traj_segs/000008/000005
     160      185 ./traj_segs/000008/000008
     159      185 ./traj_segs/000008/000002
     162      185 ./traj_segs/000002/000004
     161      185 ./traj_segs/000002/000003
     163      185 ./traj_segs/000002/000000
     165      185 ./traj_segs/000002/000001
     164      185 ./traj_segs/000002/000002
     166      185 ./traj_segs/000005/000008
     167      185 ./traj_segs/000005/000002
     171      185 ./traj_segs/000005/000004
     168      185 ./traj_segs/000005/000005
     169      185 ./traj_segs/000005/000001
     170      185 ./traj_segs/000005/000006
     172      185 ./traj_segs/000005/000003
     173      185 ./traj_segs/000005/000009
     174      185 ./traj_segs/000005/000007
     175      185 ./traj_segs/000005/000000
     176      185 ./traj_segs/000016/000001
     178      185 ./traj_segs/000016/000000
     177      185 ./traj_segs/000016/000002
     179      185 ./traj_segs/000016/000004
     180      185 ./traj_segs/000016/000003
     181      185 ./traj_segs/000024/000000
     183      185 ./traj_segs/000024/000003
     182      185 ./traj_segs/000024/000004
     185      185 ./traj_segs/000024/000002
     184      185 ./traj_segs/000024/000001

CPPTRAJ: Trajectory Analysis. V4.14.0 (AmberTools V19.00)
    ___  ___  ___  ___
     | \/ | \/ | \/ | 
    _|_/\_|_/\_|_/\_|_

| Date/time: 06/11/20 11:30:18
| Available memory: 3.678 GB

	Reading 'nowat.parm7' as Amber Topology
INPUT: Reading input from '/tmp/tmp.fy1fEqOW78'
  [trajin ./traj_segs/000014/000000/nowat.nc]
	Reading './traj_segs/000014/000000/nowat.nc' as Amber NetCDF
Warning: Trajectory box type is 'Orthogonal' but topology box type is 'None'.
Warning: Setting topology box information from trajectory.
  [trajin ./traj_segs/000014/000004/nowat.nc]
	Reading './traj_segs/000014/000004/nowat.nc' as Amber NetCDF
  [trajin ./traj_segs/000014/000003/nowat.nc]
	Reading './traj_segs/000014/000003/nowat.nc' as Amber NetCDF
  [trajin ./traj_segs/000014/000001/nowat.nc]
	Reading './traj_segs/000014/000001/nowat.nc' as Amber NetCDF
  [trajin ./traj_segs/000014/000002/nowat.nc]
	Reading './traj_segs/000014/000002/nowat.nc' as Amber NetCDF
  [trajin ./traj_segs/000026/000000/nowat.nc]
	Reading './traj_segs/000026/000000/nowat.nc' as Amber NetCDF
  [trajin ./traj_segs/000026/000004/nowat.nc]
	Reading './traj_segs/000026/000004/nowat.nc' as Amber NetCDF
  [trajin ./traj_segs/000026/000003/nowat.nc]
	Reading './traj_segs/000026/000003/nowat.nc' as Amber NetCDF
  [trajin ./traj_segs/000026/000001/nowat.nc]
	Reading './traj_segs/000026/000001/nowat.nc' as Amber NetCDF
  [trajin ./traj_segs/000026/000002/nowat.nc]
	Reading './traj_segs/000026/000002/nowat.nc' as Amber NetCDF
  [trajin ./traj_segs/000007/000008/nowat.nc]
	Reading './traj_segs/000007/000008/nowat.nc' as Amber NetCDF
  [trajin ./traj_segs/000007/000002/nowat.nc]
	Reading './traj_segs/000007/000002/nowat.nc' as Amber NetCDF
  [trajin ./traj_segs/000007/000005/nowat.nc]
	Reading './traj_segs/000007/000005/nowat.nc' as Amber NetCDF
  [trajin ./traj_segs/000007/000001/nowat.nc]
	Reading './traj_segs/000007/000001/nowat.nc' as Amber NetCDF
  [trajin ./traj_segs/000007/000006/nowat.nc]
	Reading './traj_segs/000007/000006/nowat.nc' as Amber NetCDF
  [trajin ./traj_segs/000007/000004/nowat.nc]
	Reading './traj_segs/000007/000004/nowat.nc' as Amber NetCDF
  [trajin ./traj_segs/000007/000003/nowat.nc]
	Reading './traj_segs/000007/000003/nowat.nc' as Amber NetCDF
  [trajin ./traj_segs/000007/000009/nowat.nc]
	Reading './traj_segs/000007/000009/nowat.nc' as Amber NetCDF
  [trajin ./traj_segs/000007/000007/nowat.nc]
	Reading './traj_segs/000007/000007/nowat.nc' as Amber NetCDF
  [trajin ./traj_segs/000007/000000/nowat.nc]
	Reading './traj_segs/000007/000000/nowat.nc' as Amber NetCDF
  [trajin ./traj_segs/000021/000001/nowat.nc]
	Reading './traj_segs/000021/000001/nowat.nc' as Amber NetCDF
  [trajin ./traj_segs/000021/000002/nowat.nc]
	Reading './traj_segs/000021/000002/nowat.nc' as Amber NetCDF
  [trajin ./traj_segs/000021/000000/nowat.nc]
	Reading './traj_segs/000021/000000/nowat.nc' as Amber NetCDF
  [trajin ./traj_segs/000021/000003/nowat.nc]
	Reading './traj_segs/000021/000003/nowat.nc' as Amber NetCDF
  [trajin ./traj_segs/000021/000004/nowat.nc]
	Reading './traj_segs/000021/000004/nowat.nc' as Amber NetCDF
  [trajin ./traj_segs/000013/000001/nowat.nc]
	Reading './traj_segs/000013/000001/nowat.nc' as Amber NetCDF
  [trajin ./traj_segs/000013/000002/nowat.nc]
	Reading './traj_segs/000013/000002/nowat.nc' as Amber NetCDF
  [trajin ./traj_segs/000013/000000/nowat.nc]
	Reading './traj_segs/000013/000000/nowat.nc' as Amber NetCDF
  [trajin ./traj_segs/000013/000004/nowat.nc]
	Reading './traj_segs/000013/000004/nowat.nc' as Amber NetCDF
  [trajin ./traj_segs/000013/000003/nowat.nc]
	Reading './traj_segs/000013/000003/nowat.nc' as Amber NetCDF
  [trajin ./traj_segs/000019/000001/nowat.nc]
	Reading './traj_segs/000019/000001/nowat.nc' as Amber NetCDF
  [trajin ./traj_segs/000019/000002/nowat.nc]
	Reading './traj_segs/000019/000002/nowat.nc' as Amber NetCDF
  [trajin ./traj_segs/000019/000000/nowat.nc]
	Reading './traj_segs/000019/000000/nowat.nc' as Amber NetCDF
  [trajin ./traj_segs/000019/000003/nowat.nc]
	Reading './traj_segs/000019/000003/nowat.nc' as Amber NetCDF
  [trajin ./traj_segs/000019/000004/nowat.nc]
	Reading './traj_segs/000019/000004/nowat.nc' as Amber NetCDF
  [trajin ./traj_segs/000017/000000/nowat.nc]
	Reading './traj_segs/000017/000000/nowat.nc' as Amber NetCDF
  [trajin ./traj_segs/000017/000003/nowat.nc]
	Reading './traj_segs/000017/000003/nowat.nc' as Amber NetCDF
  [trajin ./traj_segs/000017/000004/nowat.nc]
	Reading './traj_segs/000017/000004/nowat.nc' as Amber NetCDF
  [trajin ./traj_segs/000017/000001/nowat.nc]
	Reading './traj_segs/000017/000001/nowat.nc' as Amber NetCDF
  [trajin ./traj_segs/000017/000002/nowat.nc]
	Reading './traj_segs/000017/000002/nowat.nc' as Amber NetCDF
  [trajin ./traj_segs/000025/000002/nowat.nc]
	Reading './traj_segs/000025/000002/nowat.nc' as Amber NetCDF
  [trajin ./traj_segs/000025/000001/nowat.nc]
	Reading './traj_segs/000025/000001/nowat.nc' as Amber NetCDF
  [trajin ./traj_segs/000025/000004/nowat.nc]
	Reading './traj_segs/000025/000004/nowat.nc' as Amber NetCDF
  [trajin ./traj_segs/000025/000003/nowat.nc]
	Reading './traj_segs/000025/000003/nowat.nc' as Amber NetCDF
  [trajin ./traj_segs/000025/000000/nowat.nc]
	Reading './traj_segs/000025/000000/nowat.nc' as Amber NetCDF
  [trajin ./traj_segs/000004/000008/nowat.nc]
	Reading './traj_segs/000004/000008/nowat.nc' as Amber NetCDF
  [trajin ./traj_segs/000004/000002/nowat.nc]
	Reading './traj_segs/000004/000002/nowat.nc' as Amber NetCDF
  [trajin ./traj_segs/000004/000005/nowat.nc]
	Reading './traj_segs/000004/000005/nowat.nc' as Amber NetCDF
  [trajin ./traj_segs/000004/000001/nowat.nc]
	Reading './traj_segs/000004/000001/nowat.nc' as Amber NetCDF
  [trajin ./traj_segs/000004/000006/nowat.nc]
	Reading './traj_segs/000004/000006/nowat.nc' as Amber NetCDF
  [trajin ./traj_segs/000004/000004/nowat.nc]
	Reading './traj_segs/000004/000004/nowat.nc' as Amber NetCDF
  [trajin ./traj_segs/000004/000003/nowat.nc]
	Reading './traj_segs/000004/000003/nowat.nc' as Amber NetCDF
  [trajin ./traj_segs/000004/000009/nowat.nc]
	Reading './traj_segs/000004/000009/nowat.nc' as Amber NetCDF
  [trajin ./traj_segs/000004/000007/nowat.nc]
	Reading './traj_segs/000004/000007/nowat.nc' as Amber NetCDF
  [trajin ./traj_segs/000004/000000/nowat.nc]
	Reading './traj_segs/000004/000000/nowat.nc' as Amber NetCDF
  [trajin ./traj_segs/000003/000004/nowat.nc]
	Reading './traj_segs/000003/000004/nowat.nc' as Amber NetCDF
  [trajin ./traj_segs/000003/000003/nowat.nc]
	Reading './traj_segs/000003/000003/nowat.nc' as Amber NetCDF
  [trajin ./traj_segs/000003/000000/nowat.nc]
	Reading './traj_segs/000003/000000/nowat.nc' as Amber NetCDF
  [trajin ./traj_segs/000003/000002/nowat.nc]
	Reading './traj_segs/000003/000002/nowat.nc' as Amber NetCDF
  [trajin ./traj_segs/000003/000001/nowat.nc]
	Reading './traj_segs/000003/000001/nowat.nc' as Amber NetCDF
  [trajin ./traj_segs/000009/000001/nowat.nc]
	Reading './traj_segs/000009/000001/nowat.nc' as Amber NetCDF
  [trajin ./traj_segs/000009/000002/nowat.nc]
	Reading './traj_segs/000009/000002/nowat.nc' as Amber NetCDF
  [trajin ./traj_segs/000009/000000/nowat.nc]
	Reading './traj_segs/000009/000000/nowat.nc' as Amber NetCDF
  [trajin ./traj_segs/000009/000004/nowat.nc]
	Reading './traj_segs/000009/000004/nowat.nc' as Amber NetCDF
  [trajin ./traj_segs/000009/000003/nowat.nc]
	Reading './traj_segs/000009/000003/nowat.nc' as Amber NetCDF
  [trajin ./traj_segs/000028/000000/nowat.nc]
	Reading './traj_segs/000028/000000/nowat.nc' as Amber NetCDF
  [trajin ./traj_segs/000028/000004/nowat.nc]
	Reading './traj_segs/000028/000004/nowat.nc' as Amber NetCDF
  [trajin ./traj_segs/000028/000003/nowat.nc]
	Reading './traj_segs/000028/000003/nowat.nc' as Amber NetCDF
  [trajin ./traj_segs/000028/000001/nowat.nc]
	Reading './traj_segs/000028/000001/nowat.nc' as Amber NetCDF
  [trajin ./traj_segs/000028/000002/nowat.nc]
	Reading './traj_segs/000028/000002/nowat.nc' as Amber NetCDF
  [trajin ./traj_segs/000022/000001/nowat.nc]
	Reading './traj_segs/000022/000001/nowat.nc' as Amber NetCDF
  [trajin ./traj_segs/000022/000002/nowat.nc]
	Reading './traj_segs/000022/000002/nowat.nc' as Amber NetCDF
  [trajin ./traj_segs/000022/000000/nowat.nc]
	Reading './traj_segs/000022/000000/nowat.nc' as Amber NetCDF
  [trajin ./traj_segs/000022/000003/nowat.nc]
	Reading './traj_segs/000022/000003/nowat.nc' as Amber NetCDF
  [trajin ./traj_segs/000022/000004/nowat.nc]
	Reading './traj_segs/000022/000004/nowat.nc' as Amber NetCDF
  [trajin ./traj_segs/000010/000004/nowat.nc]
	Reading './traj_segs/000010/000004/nowat.nc' as Amber NetCDF
  [trajin ./traj_segs/000010/000003/nowat.nc]
	Reading './traj_segs/000010/000003/nowat.nc' as Amber NetCDF
  [trajin ./traj_segs/000010/000000/nowat.nc]
	Reading './traj_segs/000010/000000/nowat.nc' as Amber NetCDF
  [trajin ./traj_segs/000010/000002/nowat.nc]
	Reading './traj_segs/000010/000002/nowat.nc' as Amber NetCDF
  [trajin ./traj_segs/000010/000001/nowat.nc]
	Reading './traj_segs/000010/000001/nowat.nc' as Amber NetCDF
  [trajin ./traj_segs/000020/000002/nowat.nc]
	Reading './traj_segs/000020/000002/nowat.nc' as Amber NetCDF
  [trajin ./traj_segs/000020/000001/nowat.nc]
	Reading './traj_segs/000020/000001/nowat.nc' as Amber NetCDF
  [trajin ./traj_segs/000020/000003/nowat.nc]
	Reading './traj_segs/000020/000003/nowat.nc' as Amber NetCDF
  [trajin ./traj_segs/000020/000004/nowat.nc]
	Reading './traj_segs/000020/000004/nowat.nc' as Amber NetCDF
  [trajin ./traj_segs/000020/000000/nowat.nc]
	Reading './traj_segs/000020/000000/nowat.nc' as Amber NetCDF
  [trajin ./traj_segs/000018/000001/nowat.nc]
	Reading './traj_segs/000018/000001/nowat.nc' as Amber NetCDF
  [trajin ./traj_segs/000018/000002/nowat.nc]
	Reading './traj_segs/000018/000002/nowat.nc' as Amber NetCDF
  [trajin ./traj_segs/000018/000000/nowat.nc]
	Reading './traj_segs/000018/000000/nowat.nc' as Amber NetCDF
  [trajin ./traj_segs/000018/000004/nowat.nc]
	Reading './traj_segs/000018/000004/nowat.nc' as Amber NetCDF
  [trajin ./traj_segs/000018/000003/nowat.nc]
	Reading './traj_segs/000018/000003/nowat.nc' as Amber NetCDF
  [trajin ./traj_segs/000012/000003/nowat.nc]
	Reading './traj_segs/000012/000003/nowat.nc' as Amber NetCDF
  [trajin ./traj_segs/000012/000009/nowat.nc]
	Reading './traj_segs/000012/000009/nowat.nc' as Amber NetCDF
  [trajin ./traj_segs/000012/000004/nowat.nc]
	Reading './traj_segs/000012/000004/nowat.nc' as Amber NetCDF
  [trajin ./traj_segs/000012/000000/nowat.nc]
	Reading './traj_segs/000012/000000/nowat.nc' as Amber NetCDF
  [trajin ./traj_segs/000012/000007/nowat.nc]
	Reading './traj_segs/000012/000007/nowat.nc' as Amber NetCDF
  [trajin ./traj_segs/000012/000005/nowat.nc]
	Reading './traj_segs/000012/000005/nowat.nc' as Amber NetCDF
  [trajin ./traj_segs/000012/000008/nowat.nc]
	Reading './traj_segs/000012/000008/nowat.nc' as Amber NetCDF
  [trajin ./traj_segs/000012/000002/nowat.nc]
	Reading './traj_segs/000012/000002/nowat.nc' as Amber NetCDF
  [trajin ./traj_segs/000012/000006/nowat.nc]
	Reading './traj_segs/000012/000006/nowat.nc' as Amber NetCDF
  [trajin ./traj_segs/000012/000001/nowat.nc]
	Reading './traj_segs/000012/000001/nowat.nc' as Amber NetCDF
  [trajin ./traj_segs/000001/000002/nowat.nc]
	Reading './traj_segs/000001/000002/nowat.nc' as Amber NetCDF
  [trajin ./traj_segs/000001/000001/nowat.nc]
	Reading './traj_segs/000001/000001/nowat.nc' as Amber NetCDF
  [trajin ./traj_segs/000001/000003/nowat.nc]
	Reading './traj_segs/000001/000003/nowat.nc' as Amber NetCDF
  [trajin ./traj_segs/000001/000004/nowat.nc]
	Reading './traj_segs/000001/000004/nowat.nc' as Amber NetCDF
  [trajin ./traj_segs/000001/000000/nowat.nc]
	Reading './traj_segs/000001/000000/nowat.nc' as Amber NetCDF
  [trajin ./traj_segs/000006/000002/nowat.nc]
	Reading './traj_segs/000006/000002/nowat.nc' as Amber NetCDF
  [trajin ./traj_segs/000006/000008/nowat.nc]
	Reading './traj_segs/000006/000008/nowat.nc' as Amber NetCDF
  [trajin ./traj_segs/000006/000005/nowat.nc]
	Reading './traj_segs/000006/000005/nowat.nc' as Amber NetCDF
  [trajin ./traj_segs/000006/000001/nowat.nc]
	Reading './traj_segs/000006/000001/nowat.nc' as Amber NetCDF
  [trajin ./traj_segs/000006/000006/nowat.nc]
	Reading './traj_segs/000006/000006/nowat.nc' as Amber NetCDF
  [trajin ./traj_segs/000006/000004/nowat.nc]
	Reading './traj_segs/000006/000004/nowat.nc' as Amber NetCDF
  [trajin ./traj_segs/000006/000009/nowat.nc]
	Reading './traj_segs/000006/000009/nowat.nc' as Amber NetCDF
  [trajin ./traj_segs/000006/000003/nowat.nc]
	Reading './traj_segs/000006/000003/nowat.nc' as Amber NetCDF
  [trajin ./traj_segs/000006/000007/nowat.nc]
	Reading './traj_segs/000006/000007/nowat.nc' as Amber NetCDF
  [trajin ./traj_segs/000006/000000/nowat.nc]
	Reading './traj_segs/000006/000000/nowat.nc' as Amber NetCDF
  [trajin ./traj_segs/000015/000003/nowat.nc]
	Reading './traj_segs/000015/000003/nowat.nc' as Amber NetCDF
  [trajin ./traj_segs/000015/000004/nowat.nc]
	Reading './traj_segs/000015/000004/nowat.nc' as Amber NetCDF
  [trajin ./traj_segs/000015/000000/nowat.nc]
	Reading './traj_segs/000015/000000/nowat.nc' as Amber NetCDF
  [trajin ./traj_segs/000015/000002/nowat.nc]
	Reading './traj_segs/000015/000002/nowat.nc' as Amber NetCDF
  [trajin ./traj_segs/000015/000001/nowat.nc]
	Reading './traj_segs/000015/000001/nowat.nc' as Amber NetCDF
  [trajin ./traj_segs/000027/000001/nowat.nc]
	Reading './traj_segs/000027/000001/nowat.nc' as Amber NetCDF
  [trajin ./traj_segs/000027/000002/nowat.nc]
	Reading './traj_segs/000027/000002/nowat.nc' as Amber NetCDF
  [trajin ./traj_segs/000027/000000/nowat.nc]
	Reading './traj_segs/000027/000000/nowat.nc' as Amber NetCDF
  [trajin ./traj_segs/000027/000003/nowat.nc]
	Reading './traj_segs/000027/000003/nowat.nc' as Amber NetCDF
  [trajin ./traj_segs/000027/000004/nowat.nc]
	Reading './traj_segs/000027/000004/nowat.nc' as Amber NetCDF
  [trajin ./traj_segs/000023/000000/nowat.nc]
	Reading './traj_segs/000023/000000/nowat.nc' as Amber NetCDF
  [trajin ./traj_segs/000023/000004/nowat.nc]
	Reading './traj_segs/000023/000004/nowat.nc' as Amber NetCDF
  [trajin ./traj_segs/000023/000003/nowat.nc]
	Reading './traj_segs/000023/000003/nowat.nc' as Amber NetCDF
  [trajin ./traj_segs/000023/000001/nowat.nc]
	Reading './traj_segs/000023/000001/nowat.nc' as Amber NetCDF
  [trajin ./traj_segs/000023/000002/nowat.nc]
	Reading './traj_segs/000023/000002/nowat.nc' as Amber NetCDF
  [trajin ./traj_segs/000029/000004/nowat.nc]
	Reading './traj_segs/000029/000004/nowat.nc' as Amber NetCDF
  [trajin ./traj_segs/000029/000003/nowat.nc]
	Reading './traj_segs/000029/000003/nowat.nc' as Amber NetCDF
  [trajin ./traj_segs/000029/000000/nowat.nc]
	Reading './traj_segs/000029/000000/nowat.nc' as Amber NetCDF
  [trajin ./traj_segs/000029/000002/nowat.nc]
	Reading './traj_segs/000029/000002/nowat.nc' as Amber NetCDF
  [trajin ./traj_segs/000029/000001/nowat.nc]
	Reading './traj_segs/000029/000001/nowat.nc' as Amber NetCDF
  [trajin ./traj_segs/000011/000000/nowat.nc]
	Reading './traj_segs/000011/000000/nowat.nc' as Amber NetCDF
  [trajin ./traj_segs/000011/000007/nowat.nc]
	Reading './traj_segs/000011/000007/nowat.nc' as Amber NetCDF
  [trajin ./traj_segs/000011/000003/nowat.nc]
	Reading './traj_segs/000011/000003/nowat.nc' as Amber NetCDF
  [trajin ./traj_segs/000011/000009/nowat.nc]
	Reading './traj_segs/000011/000009/nowat.nc' as Amber NetCDF
  [trajin ./traj_segs/000011/000004/nowat.nc]
	Reading './traj_segs/000011/000004/nowat.nc' as Amber NetCDF
  [trajin ./traj_segs/000011/000006/nowat.nc]
	Reading './traj_segs/000011/000006/nowat.nc' as Amber NetCDF
  [trajin ./traj_segs/000011/000001/nowat.nc]
	Reading './traj_segs/000011/000001/nowat.nc' as Amber NetCDF
  [trajin ./traj_segs/000011/000005/nowat.nc]
	Reading './traj_segs/000011/000005/nowat.nc' as Amber NetCDF
  [trajin ./traj_segs/000011/000008/nowat.nc]
	Reading './traj_segs/000011/000008/nowat.nc' as Amber NetCDF
  [trajin ./traj_segs/000011/000002/nowat.nc]
	Reading './traj_segs/000011/000002/nowat.nc' as Amber NetCDF
  [trajin ./traj_segs/000030/000000/nowat.nc]
	Reading './traj_segs/000030/000000/nowat.nc' as Amber NetCDF
  [trajin ./traj_segs/000030/000003/nowat.nc]
	Reading './traj_segs/000030/000003/nowat.nc' as Amber NetCDF
  [trajin ./traj_segs/000030/000004/nowat.nc]
	Reading './traj_segs/000030/000004/nowat.nc' as Amber NetCDF
  [trajin ./traj_segs/000030/000001/nowat.nc]
	Reading './traj_segs/000030/000001/nowat.nc' as Amber NetCDF
  [trajin ./traj_segs/000030/000002/nowat.nc]
	Reading './traj_segs/000030/000002/nowat.nc' as Amber NetCDF
  [trajin ./traj_segs/000008/000000/nowat.nc]
	Reading './traj_segs/000008/000000/nowat.nc' as Amber NetCDF
  [trajin ./traj_segs/000008/000007/nowat.nc]
	Reading './traj_segs/000008/000007/nowat.nc' as Amber NetCDF
  [trajin ./traj_segs/000008/000009/nowat.nc]
	Reading './traj_segs/000008/000009/nowat.nc' as Amber NetCDF
  [trajin ./traj_segs/000008/000003/nowat.nc]
	Reading './traj_segs/000008/000003/nowat.nc' as Amber NetCDF
  [trajin ./traj_segs/000008/000004/nowat.nc]
	Reading './traj_segs/000008/000004/nowat.nc' as Amber NetCDF
  [trajin ./traj_segs/000008/000006/nowat.nc]
	Reading './traj_segs/000008/000006/nowat.nc' as Amber NetCDF
  [trajin ./traj_segs/000008/000001/nowat.nc]
	Reading './traj_segs/000008/000001/nowat.nc' as Amber NetCDF
  [trajin ./traj_segs/000008/000005/nowat.nc]
	Reading './traj_segs/000008/000005/nowat.nc' as Amber NetCDF
  [trajin ./traj_segs/000008/000002/nowat.nc]
	Reading './traj_segs/000008/000002/nowat.nc' as Amber NetCDF
  [trajin ./traj_segs/000008/000008/nowat.nc]
	Reading './traj_segs/000008/000008/nowat.nc' as Amber NetCDF
  [trajin ./traj_segs/000002/000003/nowat.nc]
	Reading './traj_segs/000002/000003/nowat.nc' as Amber NetCDF
  [trajin ./traj_segs/000002/000004/nowat.nc]
	Reading './traj_segs/000002/000004/nowat.nc' as Amber NetCDF
  [trajin ./traj_segs/000002/000000/nowat.nc]
	Reading './traj_segs/000002/000000/nowat.nc' as Amber NetCDF
  [trajin ./traj_segs/000002/000002/nowat.nc]
	Reading './traj_segs/000002/000002/nowat.nc' as Amber NetCDF
  [trajin ./traj_segs/000002/000001/nowat.nc]
	Reading './traj_segs/000002/000001/nowat.nc' as Amber NetCDF
  [trajin ./traj_segs/000005/000008/nowat.nc]
	Reading './traj_segs/000005/000008/nowat.nc' as Amber NetCDF
  [trajin ./traj_segs/000005/000002/nowat.nc]
	Reading './traj_segs/000005/000002/nowat.nc' as Amber NetCDF
  [trajin ./traj_segs/000005/000005/nowat.nc]
	Reading './traj_segs/000005/000005/nowat.nc' as Amber NetCDF
  [trajin ./traj_segs/000005/000001/nowat.nc]
	Reading './traj_segs/000005/000001/nowat.nc' as Amber NetCDF
  [trajin ./traj_segs/000005/000006/nowat.nc]
	Reading './traj_segs/000005/000006/nowat.nc' as Amber NetCDF
  [trajin ./traj_segs/000005/000004/nowat.nc]
	Reading './traj_segs/000005/000004/nowat.nc' as Amber NetCDF
  [trajin ./traj_segs/000005/000003/nowat.nc]
	Reading './traj_segs/000005/000003/nowat.nc' as Amber NetCDF
  [trajin ./traj_segs/000005/000009/nowat.nc]
	Reading './traj_segs/000005/000009/nowat.nc' as Amber NetCDF
  [trajin ./traj_segs/000005/000007/nowat.nc]
	Reading './traj_segs/000005/000007/nowat.nc' as Amber NetCDF
  [trajin ./traj_segs/000005/000000/nowat.nc]
	Reading './traj_segs/000005/000000/nowat.nc' as Amber NetCDF
  [trajin ./traj_segs/000016/000001/nowat.nc]
	Reading './traj_segs/000016/000001/nowat.nc' as Amber NetCDF
  [trajin ./traj_segs/000016/000002/nowat.nc]
	Reading './traj_segs/000016/000002/nowat.nc' as Amber NetCDF
  [trajin ./traj_segs/000016/000000/nowat.nc]
	Reading './traj_segs/000016/000000/nowat.nc' as Amber NetCDF
  [trajin ./traj_segs/000016/000004/nowat.nc]
	Reading './traj_segs/000016/000004/nowat.nc' as Amber NetCDF
  [trajin ./traj_segs/000016/000003/nowat.nc]
	Reading './traj_segs/000016/000003/nowat.nc' as Amber NetCDF
  [trajin ./traj_segs/000024/000000/nowat.nc]
	Reading './traj_segs/000024/000000/nowat.nc' as Amber NetCDF
  [trajin ./traj_segs/000024/000004/nowat.nc]
	Reading './traj_segs/000024/000004/nowat.nc' as Amber NetCDF
  [trajin ./traj_segs/000024/000003/nowat.nc]
	Reading './traj_segs/000024/000003/nowat.nc' as Amber NetCDF
  [trajin ./traj_segs/000024/000001/nowat.nc]
	Reading './traj_segs/000024/000001/nowat.nc' as Amber NetCDF
  [trajin ./traj_segs/000024/000002/nowat.nc]
	Reading './traj_segs/000024/000002/nowat.nc' as Amber NetCDF
  [autoimage]
    AUTOIMAGE: To box center based on center of mass, anchor is first molecule.
  [trajout all.nc]
	Writing 'all.nc' as Amber NetCDF
---------- RUN BEGIN -------------------------------------------------

PARAMETER FILES (1 total):
 0: nowat.parm7, 1677 atoms, 108 res, box: Orthogonal, 2 mol

INPUT TRAJECTORIES (185 total):
 0: 'nowat.nc' is a NetCDF AMBER trajectory with coordinates, box, Parm nowat.parm7 (Orthogonal box) (reading 1 of 1)
 1: 'nowat.nc' is a NetCDF AMBER trajectory with coordinates, box, Parm nowat.parm7 (Orthogonal box) (reading 1 of 1)
 2: 'nowat.nc' is a NetCDF AMBER trajectory with coordinates, box, Parm nowat.parm7 (Orthogonal box) (reading 1 of 1)
 3: 'nowat.nc' is a NetCDF AMBER trajectory with coordinates, box, Parm nowat.parm7 (Orthogonal box) (reading 1 of 1)
 4: 'nowat.nc' is a NetCDF AMBER trajectory with coordinates, box, Parm nowat.parm7 (Orthogonal box) (reading 1 of 1)
 5: 'nowat.nc' is a NetCDF AMBER trajectory with coordinates, box, Parm nowat.parm7 (Orthogonal box) (reading 1 of 1)
 6: 'nowat.nc' is a NetCDF AMBER trajectory with coordinates, box, Parm nowat.parm7 (Orthogonal box) (reading 1 of 1)
 7: 'nowat.nc' is a NetCDF AMBER trajectory with coordinates, box, Parm nowat.parm7 (Orthogonal box) (reading 1 of 1)
 8: 'nowat.nc' is a NetCDF AMBER trajectory with coordinates, box, Parm nowat.parm7 (Orthogonal box) (reading 1 of 1)
 9: 'nowat.nc' is a NetCDF AMBER trajectory with coordinates, box, Parm nowat.parm7 (Orthogonal box) (reading 1 of 1)
 10: 'nowat.nc' is a NetCDF AMBER trajectory with coordinates, box, Parm nowat.parm7 (Orthogonal box) (reading 1 of 1)
 11: 'nowat.nc' is a NetCDF AMBER trajectory with coordinates, box, Parm nowat.parm7 (Orthogonal box) (reading 1 of 1)
 12: 'nowat.nc' is a NetCDF AMBER trajectory with coordinates, box, Parm nowat.parm7 (Orthogonal box) (reading 1 of 1)
 13: 'nowat.nc' is a NetCDF AMBER trajectory with coordinates, box, Parm nowat.parm7 (Orthogonal box) (reading 1 of 1)
 14: 'nowat.nc' is a NetCDF AMBER trajectory with coordinates, box, Parm nowat.parm7 (Orthogonal box) (reading 1 of 1)
 15: 'nowat.nc' is a NetCDF AMBER trajectory with coordinates, box, Parm nowat.parm7 (Orthogonal box) (reading 1 of 1)
 16: 'nowat.nc' is a NetCDF AMBER trajectory with coordinates, box, Parm nowat.parm7 (Orthogonal box) (reading 1 of 1)
 17: 'nowat.nc' is a NetCDF AMBER trajectory with coordinates, box, Parm nowat.parm7 (Orthogonal box) (reading 1 of 1)
 18: 'nowat.nc' is a NetCDF AMBER trajectory with coordinates, box, Parm nowat.parm7 (Orthogonal box) (reading 1 of 1)
 19: 'nowat.nc' is a NetCDF AMBER trajectory with coordinates, box, Parm nowat.parm7 (Orthogonal box) (reading 1 of 1)
 20: 'nowat.nc' is a NetCDF AMBER trajectory with coordinates, box, Parm nowat.parm7 (Orthogonal box) (reading 1 of 1)
 21: 'nowat.nc' is a NetCDF AMBER trajectory with coordinates, box, Parm nowat.parm7 (Orthogonal box) (reading 1 of 1)
 22: 'nowat.nc' is a NetCDF AMBER trajectory with coordinates, box, Parm nowat.parm7 (Orthogonal box) (reading 1 of 1)
 23: 'nowat.nc' is a NetCDF AMBER trajectory with coordinates, box, Parm nowat.parm7 (Orthogonal box) (reading 1 of 1)
 24: 'nowat.nc' is a NetCDF AMBER trajectory with coordinates, box, Parm nowat.parm7 (Orthogonal box) (reading 1 of 1)
 25: 'nowat.nc' is a NetCDF AMBER trajectory with coordinates, box, Parm nowat.parm7 (Orthogonal box) (reading 1 of 1)
 26: 'nowat.nc' is a NetCDF AMBER trajectory with coordinates, box, Parm nowat.parm7 (Orthogonal box) (reading 1 of 1)
 27: 'nowat.nc' is a NetCDF AMBER trajectory with coordinates, box, Parm nowat.parm7 (Orthogonal box) (reading 1 of 1)
 28: 'nowat.nc' is a NetCDF AMBER trajectory with coordinates, box, Parm nowat.parm7 (Orthogonal box) (reading 1 of 1)
 29: 'nowat.nc' is a NetCDF AMBER trajectory with coordinates, box, Parm nowat.parm7 (Orthogonal box) (reading 1 of 1)
 30: 'nowat.nc' is a NetCDF AMBER trajectory with coordinates, box, Parm nowat.parm7 (Orthogonal box) (reading 1 of 1)
 31: 'nowat.nc' is a NetCDF AMBER trajectory with coordinates, box, Parm nowat.parm7 (Orthogonal box) (reading 1 of 1)
 32: 'nowat.nc' is a NetCDF AMBER trajectory with coordinates, box, Parm nowat.parm7 (Orthogonal box) (reading 1 of 1)
 33: 'nowat.nc' is a NetCDF AMBER trajectory with coordinates, box, Parm nowat.parm7 (Orthogonal box) (reading 1 of 1)
 34: 'nowat.nc' is a NetCDF AMBER trajectory with coordinates, box, Parm nowat.parm7 (Orthogonal box) (reading 1 of 1)
 35: 'nowat.nc' is a NetCDF AMBER trajectory with coordinates, box, Parm nowat.parm7 (Orthogonal box) (reading 1 of 1)
 36: 'nowat.nc' is a NetCDF AMBER trajectory with coordinates, box, Parm nowat.parm7 (Orthogonal box) (reading 1 of 1)
 37: 'nowat.nc' is a NetCDF AMBER trajectory with coordinates, box, Parm nowat.parm7 (Orthogonal box) (reading 1 of 1)
 38: 'nowat.nc' is a NetCDF AMBER trajectory with coordinates, box, Parm nowat.parm7 (Orthogonal box) (reading 1 of 1)
 39: 'nowat.nc' is a NetCDF AMBER trajectory with coordinates, box, Parm nowat.parm7 (Orthogonal box) (reading 1 of 1)
 40: 'nowat.nc' is a NetCDF AMBER trajectory with coordinates, box, Parm nowat.parm7 (Orthogonal box) (reading 1 of 1)
 41: 'nowat.nc' is a NetCDF AMBER trajectory with coordinates, box, Parm nowat.parm7 (Orthogonal box) (reading 1 of 1)
 42: 'nowat.nc' is a NetCDF AMBER trajectory with coordinates, box, Parm nowat.parm7 (Orthogonal box) (reading 1 of 1)
 43: 'nowat.nc' is a NetCDF AMBER trajectory with coordinates, box, Parm nowat.parm7 (Orthogonal box) (reading 1 of 1)
 44: 'nowat.nc' is a NetCDF AMBER trajectory with coordinates, box, Parm nowat.parm7 (Orthogonal box) (reading 1 of 1)
 45: 'nowat.nc' is a NetCDF AMBER trajectory with coordinates, box, Parm nowat.parm7 (Orthogonal box) (reading 1 of 1)
 46: 'nowat.nc' is a NetCDF AMBER trajectory with coordinates, box, Parm nowat.parm7 (Orthogonal box) (reading 1 of 1)
 47: 'nowat.nc' is a NetCDF AMBER trajectory with coordinates, box, Parm nowat.parm7 (Orthogonal box) (reading 1 of 1)
 48: 'nowat.nc' is a NetCDF AMBER trajectory with coordinates, box, Parm nowat.parm7 (Orthogonal box) (reading 1 of 1)
 49: 'nowat.nc' is a NetCDF AMBER trajectory with coordinates, box, Parm nowat.parm7 (Orthogonal box) (reading 1 of 1)
 50: 'nowat.nc' is a NetCDF AMBER trajectory with coordinates, box, Parm nowat.parm7 (Orthogonal box) (reading 1 of 1)
 51: 'nowat.nc' is a NetCDF AMBER trajectory with coordinates, box, Parm nowat.parm7 (Orthogonal box) (reading 1 of 1)
 52: 'nowat.nc' is a NetCDF AMBER trajectory with coordinates, box, Parm nowat.parm7 (Orthogonal box) (reading 1 of 1)
 53: 'nowat.nc' is a NetCDF AMBER trajectory with coordinates, box, Parm nowat.parm7 (Orthogonal box) (reading 1 of 1)
 54: 'nowat.nc' is a NetCDF AMBER trajectory with coordinates, box, Parm nowat.parm7 (Orthogonal box) (reading 1 of 1)
 55: 'nowat.nc' is a NetCDF AMBER trajectory with coordinates, box, Parm nowat.parm7 (Orthogonal box) (reading 1 of 1)
 56: 'nowat.nc' is a NetCDF AMBER trajectory with coordinates, box, Parm nowat.parm7 (Orthogonal box) (reading 1 of 1)
 57: 'nowat.nc' is a NetCDF AMBER trajectory with coordinates, box, Parm nowat.parm7 (Orthogonal box) (reading 1 of 1)
 58: 'nowat.nc' is a NetCDF AMBER trajectory with coordinates, box, Parm nowat.parm7 (Orthogonal box) (reading 1 of 1)
 59: 'nowat.nc' is a NetCDF AMBER trajectory with coordinates, box, Parm nowat.parm7 (Orthogonal box) (reading 1 of 1)
 60: 'nowat.nc' is a NetCDF AMBER trajectory with coordinates, box, Parm nowat.parm7 (Orthogonal box) (reading 1 of 1)
 61: 'nowat.nc' is a NetCDF AMBER trajectory with coordinates, box, Parm nowat.parm7 (Orthogonal box) (reading 1 of 1)
 62: 'nowat.nc' is a NetCDF AMBER trajectory with coordinates, box, Parm nowat.parm7 (Orthogonal box) (reading 1 of 1)
 63: 'nowat.nc' is a NetCDF AMBER trajectory with coordinates, box, Parm nowat.parm7 (Orthogonal box) (reading 1 of 1)
 64: 'nowat.nc' is a NetCDF AMBER trajectory with coordinates, box, Parm nowat.parm7 (Orthogonal box) (reading 1 of 1)
 65: 'nowat.nc' is a NetCDF AMBER trajectory with coordinates, box, Parm nowat.parm7 (Orthogonal box) (reading 1 of 1)
 66: 'nowat.nc' is a NetCDF AMBER trajectory with coordinates, box, Parm nowat.parm7 (Orthogonal box) (reading 1 of 1)
 67: 'nowat.nc' is a NetCDF AMBER trajectory with coordinates, box, Parm nowat.parm7 (Orthogonal box) (reading 1 of 1)
 68: 'nowat.nc' is a NetCDF AMBER trajectory with coordinates, box, Parm nowat.parm7 (Orthogonal box) (reading 1 of 1)
 69: 'nowat.nc' is a NetCDF AMBER trajectory with coordinates, box, Parm nowat.parm7 (Orthogonal box) (reading 1 of 1)
 70: 'nowat.nc' is a NetCDF AMBER trajectory with coordinates, box, Parm nowat.parm7 (Orthogonal box) (reading 1 of 1)
 71: 'nowat.nc' is a NetCDF AMBER trajectory with coordinates, box, Parm nowat.parm7 (Orthogonal box) (reading 1 of 1)
 72: 'nowat.nc' is a NetCDF AMBER trajectory with coordinates, box, Parm nowat.parm7 (Orthogonal box) (reading 1 of 1)
 73: 'nowat.nc' is a NetCDF AMBER trajectory with coordinates, box, Parm nowat.parm7 (Orthogonal box) (reading 1 of 1)
 74: 'nowat.nc' is a NetCDF AMBER trajectory with coordinates, box, Parm nowat.parm7 (Orthogonal box) (reading 1 of 1)
 75: 'nowat.nc' is a NetCDF AMBER trajectory with coordinates, box, Parm nowat.parm7 (Orthogonal box) (reading 1 of 1)
 76: 'nowat.nc' is a NetCDF AMBER trajectory with coordinates, box, Parm nowat.parm7 (Orthogonal box) (reading 1 of 1)
 77: 'nowat.nc' is a NetCDF AMBER trajectory with coordinates, box, Parm nowat.parm7 (Orthogonal box) (reading 1 of 1)
 78: 'nowat.nc' is a NetCDF AMBER trajectory with coordinates, box, Parm nowat.parm7 (Orthogonal box) (reading 1 of 1)
 79: 'nowat.nc' is a NetCDF AMBER trajectory with coordinates, box, Parm nowat.parm7 (Orthogonal box) (reading 1 of 1)
 80: 'nowat.nc' is a NetCDF AMBER trajectory with coordinates, box, Parm nowat.parm7 (Orthogonal box) (reading 1 of 1)
 81: 'nowat.nc' is a NetCDF AMBER trajectory with coordinates, box, Parm nowat.parm7 (Orthogonal box) (reading 1 of 1)
 82: 'nowat.nc' is a NetCDF AMBER trajectory with coordinates, box, Parm nowat.parm7 (Orthogonal box) (reading 1 of 1)
 83: 'nowat.nc' is a NetCDF AMBER trajectory with coordinates, box, Parm nowat.parm7 (Orthogonal box) (reading 1 of 1)
 84: 'nowat.nc' is a NetCDF AMBER trajectory with coordinates, box, Parm nowat.parm7 (Orthogonal box) (reading 1 of 1)
 85: 'nowat.nc' is a NetCDF AMBER trajectory with coordinates, box, Parm nowat.parm7 (Orthogonal box) (reading 1 of 1)
 86: 'nowat.nc' is a NetCDF AMBER trajectory with coordinates, box, Parm nowat.parm7 (Orthogonal box) (reading 1 of 1)
 87: 'nowat.nc' is a NetCDF AMBER trajectory with coordinates, box, Parm nowat.parm7 (Orthogonal box) (reading 1 of 1)
 88: 'nowat.nc' is a NetCDF AMBER trajectory with coordinates, box, Parm nowat.parm7 (Orthogonal box) (reading 1 of 1)
 89: 'nowat.nc' is a NetCDF AMBER trajectory with coordinates, box, Parm nowat.parm7 (Orthogonal box) (reading 1 of 1)
 90: 'nowat.nc' is a NetCDF AMBER trajectory with coordinates, box, Parm nowat.parm7 (Orthogonal box) (reading 1 of 1)
 91: 'nowat.nc' is a NetCDF AMBER trajectory with coordinates, box, Parm nowat.parm7 (Orthogonal box) (reading 1 of 1)
 92: 'nowat.nc' is a NetCDF AMBER trajectory with coordinates, box, Parm nowat.parm7 (Orthogonal box) (reading 1 of 1)
 93: 'nowat.nc' is a NetCDF AMBER trajectory with coordinates, box, Parm nowat.parm7 (Orthogonal box) (reading 1 of 1)
 94: 'nowat.nc' is a NetCDF AMBER trajectory with coordinates, box, Parm nowat.parm7 (Orthogonal box) (reading 1 of 1)
 95: 'nowat.nc' is a NetCDF AMBER trajectory with coordinates, box, Parm nowat.parm7 (Orthogonal box) (reading 1 of 1)
 96: 'nowat.nc' is a NetCDF AMBER trajectory with coordinates, box, Parm nowat.parm7 (Orthogonal box) (reading 1 of 1)
 97: 'nowat.nc' is a NetCDF AMBER trajectory with coordinates, box, Parm nowat.parm7 (Orthogonal box) (reading 1 of 1)
 98: 'nowat.nc' is a NetCDF AMBER trajectory with coordinates, box, Parm nowat.parm7 (Orthogonal box) (reading 1 of 1)
 99: 'nowat.nc' is a NetCDF AMBER trajectory with coordinates, box, Parm nowat.parm7 (Orthogonal box) (reading 1 of 1)
 100: 'nowat.nc' is a NetCDF AMBER trajectory with coordinates, box, Parm nowat.parm7 (Orthogonal box) (reading 1 of 1)
 101: 'nowat.nc' is a NetCDF AMBER trajectory with coordinates, box, Parm nowat.parm7 (Orthogonal box) (reading 1 of 1)
 102: 'nowat.nc' is a NetCDF AMBER trajectory with coordinates, box, Parm nowat.parm7 (Orthogonal box) (reading 1 of 1)
 103: 'nowat.nc' is a NetCDF AMBER trajectory with coordinates, box, Parm nowat.parm7 (Orthogonal box) (reading 1 of 1)
 104: 'nowat.nc' is a NetCDF AMBER trajectory with coordinates, box, Parm nowat.parm7 (Orthogonal box) (reading 1 of 1)
 105: 'nowat.nc' is a NetCDF AMBER trajectory with coordinates, box, Parm nowat.parm7 (Orthogonal box) (reading 1 of 1)
 106: 'nowat.nc' is a NetCDF AMBER trajectory with coordinates, box, Parm nowat.parm7 (Orthogonal box) (reading 1 of 1)
 107: 'nowat.nc' is a NetCDF AMBER trajectory with coordinates, box, Parm nowat.parm7 (Orthogonal box) (reading 1 of 1)
 108: 'nowat.nc' is a NetCDF AMBER trajectory with coordinates, box, Parm nowat.parm7 (Orthogonal box) (reading 1 of 1)
 109: 'nowat.nc' is a NetCDF AMBER trajectory with coordinates, box, Parm nowat.parm7 (Orthogonal box) (reading 1 of 1)
 110: 'nowat.nc' is a NetCDF AMBER trajectory with coordinates, box, Parm nowat.parm7 (Orthogonal box) (reading 1 of 1)
 111: 'nowat.nc' is a NetCDF AMBER trajectory with coordinates, box, Parm nowat.parm7 (Orthogonal box) (reading 1 of 1)
 112: 'nowat.nc' is a NetCDF AMBER trajectory with coordinates, box, Parm nowat.parm7 (Orthogonal box) (reading 1 of 1)
 113: 'nowat.nc' is a NetCDF AMBER trajectory with coordinates, box, Parm nowat.parm7 (Orthogonal box) (reading 1 of 1)
 114: 'nowat.nc' is a NetCDF AMBER trajectory with coordinates, box, Parm nowat.parm7 (Orthogonal box) (reading 1 of 1)
 115: 'nowat.nc' is a NetCDF AMBER trajectory with coordinates, box, Parm nowat.parm7 (Orthogonal box) (reading 1 of 1)
 116: 'nowat.nc' is a NetCDF AMBER trajectory with coordinates, box, Parm nowat.parm7 (Orthogonal box) (reading 1 of 1)
 117: 'nowat.nc' is a NetCDF AMBER trajectory with coordinates, box, Parm nowat.parm7 (Orthogonal box) (reading 1 of 1)
 118: 'nowat.nc' is a NetCDF AMBER trajectory with coordinates, box, Parm nowat.parm7 (Orthogonal box) (reading 1 of 1)
 119: 'nowat.nc' is a NetCDF AMBER trajectory with coordinates, box, Parm nowat.parm7 (Orthogonal box) (reading 1 of 1)
 120: 'nowat.nc' is a NetCDF AMBER trajectory with coordinates, box, Parm nowat.parm7 (Orthogonal box) (reading 1 of 1)
 121: 'nowat.nc' is a NetCDF AMBER trajectory with coordinates, box, Parm nowat.parm7 (Orthogonal box) (reading 1 of 1)
 122: 'nowat.nc' is a NetCDF AMBER trajectory with coordinates, box, Parm nowat.parm7 (Orthogonal box) (reading 1 of 1)
 123: 'nowat.nc' is a NetCDF AMBER trajectory with coordinates, box, Parm nowat.parm7 (Orthogonal box) (reading 1 of 1)
 124: 'nowat.nc' is a NetCDF AMBER trajectory with coordinates, box, Parm nowat.parm7 (Orthogonal box) (reading 1 of 1)
 125: 'nowat.nc' is a NetCDF AMBER trajectory with coordinates, box, Parm nowat.parm7 (Orthogonal box) (reading 1 of 1)
 126: 'nowat.nc' is a NetCDF AMBER trajectory with coordinates, box, Parm nowat.parm7 (Orthogonal box) (reading 1 of 1)
 127: 'nowat.nc' is a NetCDF AMBER trajectory with coordinates, box, Parm nowat.parm7 (Orthogonal box) (reading 1 of 1)
 128: 'nowat.nc' is a NetCDF AMBER trajectory with coordinates, box, Parm nowat.parm7 (Orthogonal box) (reading 1 of 1)
 129: 'nowat.nc' is a NetCDF AMBER trajectory with coordinates, box, Parm nowat.parm7 (Orthogonal box) (reading 1 of 1)
 130: 'nowat.nc' is a NetCDF AMBER trajectory with coordinates, box, Parm nowat.parm7 (Orthogonal box) (reading 1 of 1)
 131: 'nowat.nc' is a NetCDF AMBER trajectory with coordinates, box, Parm nowat.parm7 (Orthogonal box) (reading 1 of 1)
 132: 'nowat.nc' is a NetCDF AMBER trajectory with coordinates, box, Parm nowat.parm7 (Orthogonal box) (reading 1 of 1)
 133: 'nowat.nc' is a NetCDF AMBER trajectory with coordinates, box, Parm nowat.parm7 (Orthogonal box) (reading 1 of 1)
 134: 'nowat.nc' is a NetCDF AMBER trajectory with coordinates, box, Parm nowat.parm7 (Orthogonal box) (reading 1 of 1)
 135: 'nowat.nc' is a NetCDF AMBER trajectory with coordinates, box, Parm nowat.parm7 (Orthogonal box) (reading 1 of 1)
 136: 'nowat.nc' is a NetCDF AMBER trajectory with coordinates, box, Parm nowat.parm7 (Orthogonal box) (reading 1 of 1)
 137: 'nowat.nc' is a NetCDF AMBER trajectory with coordinates, box, Parm nowat.parm7 (Orthogonal box) (reading 1 of 1)
 138: 'nowat.nc' is a NetCDF AMBER trajectory with coordinates, box, Parm nowat.parm7 (Orthogonal box) (reading 1 of 1)
 139: 'nowat.nc' is a NetCDF AMBER trajectory with coordinates, box, Parm nowat.parm7 (Orthogonal box) (reading 1 of 1)
 140: 'nowat.nc' is a NetCDF AMBER trajectory with coordinates, box, Parm nowat.parm7 (Orthogonal box) (reading 1 of 1)
 141: 'nowat.nc' is a NetCDF AMBER trajectory with coordinates, box, Parm nowat.parm7 (Orthogonal box) (reading 1 of 1)
 142: 'nowat.nc' is a NetCDF AMBER trajectory with coordinates, box, Parm nowat.parm7 (Orthogonal box) (reading 1 of 1)
 143: 'nowat.nc' is a NetCDF AMBER trajectory with coordinates, box, Parm nowat.parm7 (Orthogonal box) (reading 1 of 1)
 144: 'nowat.nc' is a NetCDF AMBER trajectory with coordinates, box, Parm nowat.parm7 (Orthogonal box) (reading 1 of 1)
 145: 'nowat.nc' is a NetCDF AMBER trajectory with coordinates, box, Parm nowat.parm7 (Orthogonal box) (reading 1 of 1)
 146: 'nowat.nc' is a NetCDF AMBER trajectory with coordinates, box, Parm nowat.parm7 (Orthogonal box) (reading 1 of 1)
 147: 'nowat.nc' is a NetCDF AMBER trajectory with coordinates, box, Parm nowat.parm7 (Orthogonal box) (reading 1 of 1)
 148: 'nowat.nc' is a NetCDF AMBER trajectory with coordinates, box, Parm nowat.parm7 (Orthogonal box) (reading 1 of 1)
 149: 'nowat.nc' is a NetCDF AMBER trajectory with coordinates, box, Parm nowat.parm7 (Orthogonal box) (reading 1 of 1)
 150: 'nowat.nc' is a NetCDF AMBER trajectory with coordinates, box, Parm nowat.parm7 (Orthogonal box) (reading 1 of 1)
 151: 'nowat.nc' is a NetCDF AMBER trajectory with coordinates, box, Parm nowat.parm7 (Orthogonal box) (reading 1 of 1)
 152: 'nowat.nc' is a NetCDF AMBER trajectory with coordinates, box, Parm nowat.parm7 (Orthogonal box) (reading 1 of 1)
 153: 'nowat.nc' is a NetCDF AMBER trajectory with coordinates, box, Parm nowat.parm7 (Orthogonal box) (reading 1 of 1)
 154: 'nowat.nc' is a NetCDF AMBER trajectory with coordinates, box, Parm nowat.parm7 (Orthogonal box) (reading 1 of 1)
 155: 'nowat.nc' is a NetCDF AMBER trajectory with coordinates, box, Parm nowat.parm7 (Orthogonal box) (reading 1 of 1)
 156: 'nowat.nc' is a NetCDF AMBER trajectory with coordinates, box, Parm nowat.parm7 (Orthogonal box) (reading 1 of 1)
 157: 'nowat.nc' is a NetCDF AMBER trajectory with coordinates, box, Parm nowat.parm7 (Orthogonal box) (reading 1 of 1)
 158: 'nowat.nc' is a NetCDF AMBER trajectory with coordinates, box, Parm nowat.parm7 (Orthogonal box) (reading 1 of 1)
 159: 'nowat.nc' is a NetCDF AMBER trajectory with coordinates, box, Parm nowat.parm7 (Orthogonal box) (reading 1 of 1)
 160: 'nowat.nc' is a NetCDF AMBER trajectory with coordinates, box, Parm nowat.parm7 (Orthogonal box) (reading 1 of 1)
 161: 'nowat.nc' is a NetCDF AMBER trajectory with coordinates, box, Parm nowat.parm7 (Orthogonal box) (reading 1 of 1)
 162: 'nowat.nc' is a NetCDF AMBER trajectory with coordinates, box, Parm nowat.parm7 (Orthogonal box) (reading 1 of 1)
 163: 'nowat.nc' is a NetCDF AMBER trajectory with coordinates, box, Parm nowat.parm7 (Orthogonal box) (reading 1 of 1)
 164: 'nowat.nc' is a NetCDF AMBER trajectory with coordinates, box, Parm nowat.parm7 (Orthogonal box) (reading 1 of 1)
 165: 'nowat.nc' is a NetCDF AMBER trajectory with coordinates, box, Parm nowat.parm7 (Orthogonal box) (reading 1 of 1)
 166: 'nowat.nc' is a NetCDF AMBER trajectory with coordinates, box, Parm nowat.parm7 (Orthogonal box) (reading 1 of 1)
 167: 'nowat.nc' is a NetCDF AMBER trajectory with coordinates, box, Parm nowat.parm7 (Orthogonal box) (reading 1 of 1)
 168: 'nowat.nc' is a NetCDF AMBER trajectory with coordinates, box, Parm nowat.parm7 (Orthogonal box) (reading 1 of 1)
 169: 'nowat.nc' is a NetCDF AMBER trajectory with coordinates, box, Parm nowat.parm7 (Orthogonal box) (reading 1 of 1)
 170: 'nowat.nc' is a NetCDF AMBER trajectory with coordinates, box, Parm nowat.parm7 (Orthogonal box) (reading 1 of 1)
 171: 'nowat.nc' is a NetCDF AMBER trajectory with coordinates, box, Parm nowat.parm7 (Orthogonal box) (reading 1 of 1)
 172: 'nowat.nc' is a NetCDF AMBER trajectory with coordinates, box, Parm nowat.parm7 (Orthogonal box) (reading 1 of 1)
 173: 'nowat.nc' is a NetCDF AMBER trajectory with coordinates, box, Parm nowat.parm7 (Orthogonal box) (reading 1 of 1)
 174: 'nowat.nc' is a NetCDF AMBER trajectory with coordinates, box, Parm nowat.parm7 (Orthogonal box) (reading 1 of 1)
 175: 'nowat.nc' is a NetCDF AMBER trajectory with coordinates, box, Parm nowat.parm7 (Orthogonal box) (reading 1 of 1)
 176: 'nowat.nc' is a NetCDF AMBER trajectory with coordinates, box, Parm nowat.parm7 (Orthogonal box) (reading 1 of 1)
 177: 'nowat.nc' is a NetCDF AMBER trajectory with coordinates, box, Parm nowat.parm7 (Orthogonal box) (reading 1 of 1)
 178: 'nowat.nc' is a NetCDF AMBER trajectory with coordinates, box, Parm nowat.parm7 (Orthogonal box) (reading 1 of 1)
 179: 'nowat.nc' is a NetCDF AMBER trajectory with coordinates, box, Parm nowat.parm7 (Orthogonal box) (reading 1 of 1)
 180: 'nowat.nc' is a NetCDF AMBER trajectory with coordinates, box, Parm nowat.parm7 (Orthogonal box) (reading 1 of 1)
 181: 'nowat.nc' is a NetCDF AMBER trajectory with coordinates, box, Parm nowat.parm7 (Orthogonal box) (reading 1 of 1)
 182: 'nowat.nc' is a NetCDF AMBER trajectory with coordinates, box, Parm nowat.parm7 (Orthogonal box) (reading 1 of 1)
 183: 'nowat.nc' is a NetCDF AMBER trajectory with coordinates, box, Parm nowat.parm7 (Orthogonal box) (reading 1 of 1)
 184: 'nowat.nc' is a NetCDF AMBER trajectory with coordinates, box, Parm nowat.parm7 (Orthogonal box) (reading 1 of 1)
  Coordinate processing will occur on 185 frames.

OUTPUT TRAJECTORIES (1 total):
  'all.nc' (185 frames) is a NetCDF AMBER trajectory

BEGIN TRAJECTORY PROCESSING:
.....................................................
ACTION SETUP FOR PARM 'nowat.parm7' (1 actions):
  0: [autoimage]
	Using first molecule as anchor.
	1 molecules are fixed to anchor: 2
	0 molecules are mobile.
.....................................................
ACTIVE OUTPUT TRAJECTORIES (1):
  all.nc (coordinates, box)
----- nowat.nc (1-1, 1) -----
 0% 
----- nowat.nc (1-1, 1) -----

----- nowat.nc (1-1, 1) -----

----- nowat.nc (1-1, 1) -----

----- nowat.nc (1-1, 1) -----

----- nowat.nc (1-1, 1) -----

----- nowat.nc (1-1, 1) -----

----- nowat.nc (1-1, 1) -----

----- nowat.nc (1-1, 1) -----

----- nowat.nc (1-1, 1) -----

----- nowat.nc (1-1, 1) -----

----- nowat.nc (1-1, 1) -----

----- nowat.nc (1-1, 1) -----

----- nowat.nc (1-1, 1) -----

----- nowat.nc (1-1, 1) -----

----- nowat.nc (1-1, 1) -----

----- nowat.nc (1-1, 1) -----

----- nowat.nc (1-1, 1) -----

----- nowat.nc (1-1, 1) -----

----- nowat.nc (1-1, 1) -----
10% 
----- nowat.nc (1-1, 1) -----

----- nowat.nc (1-1, 1) -----

----- nowat.nc (1-1, 1) -----

----- nowat.nc (1-1, 1) -----

----- nowat.nc (1-1, 1) -----

----- nowat.nc (1-1, 1) -----

----- nowat.nc (1-1, 1) -----

----- nowat.nc (1-1, 1) -----

----- nowat.nc (1-1, 1) -----

----- nowat.nc (1-1, 1) -----

----- nowat.nc (1-1, 1) -----

----- nowat.nc (1-1, 1) -----

----- nowat.nc (1-1, 1) -----

----- nowat.nc (1-1, 1) -----

----- nowat.nc (1-1, 1) -----

----- nowat.nc (1-1, 1) -----

----- nowat.nc (1-1, 1) -----

----- nowat.nc (1-1, 1) -----
20% 
----- nowat.nc (1-1, 1) -----

----- nowat.nc (1-1, 1) -----

----- nowat.nc (1-1, 1) -----

----- nowat.nc (1-1, 1) -----

----- nowat.nc (1-1, 1) -----

----- nowat.nc (1-1, 1) -----

----- nowat.nc (1-1, 1) -----

----- nowat.nc (1-1, 1) -----

----- nowat.nc (1-1, 1) -----

----- nowat.nc (1-1, 1) -----

----- nowat.nc (1-1, 1) -----

----- nowat.nc (1-1, 1) -----

----- nowat.nc (1-1, 1) -----

----- nowat.nc (1-1, 1) -----

----- nowat.nc (1-1, 1) -----

----- nowat.nc (1-1, 1) -----

----- nowat.nc (1-1, 1) -----

----- nowat.nc (1-1, 1) -----

----- nowat.nc (1-1, 1) -----
30% 
----- nowat.nc (1-1, 1) -----

----- nowat.nc (1-1, 1) -----

----- nowat.nc (1-1, 1) -----

----- nowat.nc (1-1, 1) -----

----- nowat.nc (1-1, 1) -----

----- nowat.nc (1-1, 1) -----

----- nowat.nc (1-1, 1) -----

----- nowat.nc (1-1, 1) -----

----- nowat.nc (1-1, 1) -----

----- nowat.nc (1-1, 1) -----

----- nowat.nc (1-1, 1) -----

----- nowat.nc (1-1, 1) -----

----- nowat.nc (1-1, 1) -----

----- nowat.nc (1-1, 1) -----

----- nowat.nc (1-1, 1) -----

----- nowat.nc (1-1, 1) -----

----- nowat.nc (1-1, 1) -----

----- nowat.nc (1-1, 1) -----
40% 
----- nowat.nc (1-1, 1) -----

----- nowat.nc (1-1, 1) -----

----- nowat.nc (1-1, 1) -----

----- nowat.nc (1-1, 1) -----

----- nowat.nc (1-1, 1) -----

----- nowat.nc (1-1, 1) -----

----- nowat.nc (1-1, 1) -----

----- nowat.nc (1-1, 1) -----

----- nowat.nc (1-1, 1) -----

----- nowat.nc (1-1, 1) -----

----- nowat.nc (1-1, 1) -----

----- nowat.nc (1-1, 1) -----

----- nowat.nc (1-1, 1) -----

----- nowat.nc (1-1, 1) -----

----- nowat.nc (1-1, 1) -----

----- nowat.nc (1-1, 1) -----

----- nowat.nc (1-1, 1) -----

----- nowat.nc (1-1, 1) -----
50% 
----- nowat.nc (1-1, 1) -----

----- nowat.nc (1-1, 1) -----

----- nowat.nc (1-1, 1) -----

----- nowat.nc (1-1, 1) -----

----- nowat.nc (1-1, 1) -----

----- nowat.nc (1-1, 1) -----

----- nowat.nc (1-1, 1) -----

----- nowat.nc (1-1, 1) -----

----- nowat.nc (1-1, 1) -----

----- nowat.nc (1-1, 1) -----

----- nowat.nc (1-1, 1) -----

----- nowat.nc (1-1, 1) -----

----- nowat.nc (1-1, 1) -----

----- nowat.nc (1-1, 1) -----

----- nowat.nc (1-1, 1) -----

----- nowat.nc (1-1, 1) -----

----- nowat.nc (1-1, 1) -----

----- nowat.nc (1-1, 1) -----

----- nowat.nc (1-1, 1) -----
60% 
----- nowat.nc (1-1, 1) -----

----- nowat.nc (1-1, 1) -----

----- nowat.nc (1-1, 1) -----

----- nowat.nc (1-1, 1) -----

----- nowat.nc (1-1, 1) -----

----- nowat.nc (1-1, 1) -----

----- nowat.nc (1-1, 1) -----

----- nowat.nc (1-1, 1) -----

----- nowat.nc (1-1, 1) -----

----- nowat.nc (1-1, 1) -----

----- nowat.nc (1-1, 1) -----

----- nowat.nc (1-1, 1) -----

----- nowat.nc (1-1, 1) -----

----- nowat.nc (1-1, 1) -----

----- nowat.nc (1-1, 1) -----

----- nowat.nc (1-1, 1) -----

----- nowat.nc (1-1, 1) -----

----- nowat.nc (1-1, 1) -----
70% 
----- nowat.nc (1-1, 1) -----

----- nowat.nc (1-1, 1) -----

----- nowat.nc (1-1, 1) -----

----- nowat.nc (1-1, 1) -----

----- nowat.nc (1-1, 1) -----

----- nowat.nc (1-1, 1) -----

----- nowat.nc (1-1, 1) -----

----- nowat.nc (1-1, 1) -----

----- nowat.nc (1-1, 1) -----

----- nowat.nc (1-1, 1) -----

----- nowat.nc (1-1, 1) -----

----- nowat.nc (1-1, 1) -----

----- nowat.nc (1-1, 1) -----

----- nowat.nc (1-1, 1) -----

----- nowat.nc (1-1, 1) -----

----- nowat.nc (1-1, 1) -----

----- nowat.nc (1-1, 1) -----

----- nowat.nc (1-1, 1) -----

----- nowat.nc (1-1, 1) -----
80% 
----- nowat.nc (1-1, 1) -----

----- nowat.nc (1-1, 1) -----

----- nowat.nc (1-1, 1) -----

----- nowat.nc (1-1, 1) -----

----- nowat.nc (1-1, 1) -----

----- nowat.nc (1-1, 1) -----

----- nowat.nc (1-1, 1) -----

----- nowat.nc (1-1, 1) -----

----- nowat.nc (1-1, 1) -----

----- nowat.nc (1-1, 1) -----

----- nowat.nc (1-1, 1) -----

----- nowat.nc (1-1, 1) -----

----- nowat.nc (1-1, 1) -----

----- nowat.nc (1-1, 1) -----

----- nowat.nc (1-1, 1) -----

----- nowat.nc (1-1, 1) -----

----- nowat.nc (1-1, 1) -----

----- nowat.nc (1-1, 1) -----
90% 
----- nowat.nc (1-1, 1) -----

----- nowat.nc (1-1, 1) -----

----- nowat.nc (1-1, 1) -----

----- nowat.nc (1-1, 1) -----

----- nowat.nc (1-1, 1) -----

----- nowat.nc (1-1, 1) -----

----- nowat.nc (1-1, 1) -----

----- nowat.nc (1-1, 1) -----

----- nowat.nc (1-1, 1) -----

----- nowat.nc (1-1, 1) -----

----- nowat.nc (1-1, 1) -----

----- nowat.nc (1-1, 1) -----

----- nowat.nc (1-1, 1) -----

----- nowat.nc (1-1, 1) -----

----- nowat.nc (1-1, 1) -----

----- nowat.nc (1-1, 1) -----

----- nowat.nc (1-1, 1) -----

----- nowat.nc (1-1, 1) -----
100% Complete.

Read 185 frames and processed 185 frames.
TIME: Avg. throughput= 224.3585 frames / second.

ACTION OUTPUT:
TIME: Analyses took 0.0000 seconds.

RUN TIMING:
TIME:		Init               : 0.0006 s (  0.07%)
TIME:		Trajectory Process : 0.8246 s ( 99.66%)
TIME:		Action Post        : 0.0000 s (  0.00%)
TIME:		Analysis           : 0.0000 s (  0.00%)
TIME:		Data File Write    : 0.0000 s (  0.00%)
TIME:		Other              : 0.0023 s (  0.00%)
TIME:	Run Total 0.8274 s
---------- RUN END ---------------------------------------------------
TIME: Total execution time: 1.8245 seconds.
--------------------------------------------------------------------------------
To cite CPPTRAJ use:
Daniel R. Roe and Thomas E. Cheatham, III, "PTRAJ and CPPTRAJ: Software for
  Processing and Analysis of Molecular Dynamics Trajectory Data". J. Chem.
  Theory Comput., 2013, 9 (7), pp 3084-3095.

