Charm++: standalone mode (not using charmrun)
Charm++> Running in Multicore mode:  4 threads
Charm++> Using recursive bisection (scheme 3) for topology aware partitions
Converse/Charm++ Commit ID: v6.8.2-0-g26d4bd8-namd-charm-6.8.2-build-2018-Jan-11-30463
Warning> Randomization of virtual memory (ASLR) is turned on in the kernel, thread migration may not work! Run 'echo 0 > /proc/sys/kernel/randomize_va_space' as root to disable it, or try running with '+isomalloc_sync'.
CharmLB> Load balancer assumes all CPUs are same.
Charm++> Running on 1 unique compute nodes (16-way SMP).
Charm++> cpu topology info is gathered in 0.022 seconds.
Info: NAMD 2.13 for Linux-x86_64-multicore
Info: 
Info: Please visit http://www.ks.uiuc.edu/Research/namd/
Info: for updates, documentation, and support information.
Info: 
Info: Please cite Phillips et al., J. Comp. Chem. 26:1781-1802 (2005)
Info: in all publications reporting results obtained with NAMD.
Info: 
Info: Based on Charm++/Converse 60800 for multicore-linux64-iccstatic
Info: Built Fri Nov 9 14:39:16 CST 2018 by jim on ganymede.ks.uiuc.edu
Info: 1 NAMD  2.13  Linux-x86_64-multicore  4    hpc-login-1-3.local  dray1
Info: Running on 4 processors, 1 nodes, 1 physical nodes.
Info: CPU topology information available.
Info: Charm++/Converse parallel runtime startup completed at 0.0297081 s
CkLoopLib is used in SMP with a simple dynamic scheduling (converse-level notification) but not using node-level queue
Info: 323.91 MB of memory in use based on /proc/self/stat
Info: Configuration file is equilibration.conf
FATAL ERROR: Unable to access config file equilibration.conf
[0] Stack Traceback:
  [0:0]   [0x143cd3e]
  [0:1]   [0x4fa66d]
  [0:2]   [0x517217]
  [0:3] __libc_start_main+0xfd  [0x7f7a5dba1d1d]
  [0:4] _ZNSt8ios_base4InitD1Ev+0x71  [0x40fd69]
[0] Stack Traceback:
  [0:0]   [0x143d833]
  [0:1]   [0x143ccf7]
  [0:2]   [0x143cd3e]
  [0:3]   [0x4fa66d]
  [0:4]   [0x517217]
  [0:5] __libc_start_main+0xfd  [0x7f7a5dba1d1d]
  [0:6] _ZNSt8ios_base4InitD1Ev+0x71  [0x40fd69]
